
[Log Startup at 10:46:17]
2021-03-19 10:46:17.847 (Info) EventServer.StartService - Starting ClientServices...
2021-03-19 10:46:17.886 (Info) EventService.Initialize - Event Service Initialized...
2021-03-19 10:46:17.888 (Info) EventService.Start - Event Service Thread created...
2021-03-19 10:46:17.889 (Info) EventServer.StartService - Create new event listener on server...
2021-03-19 10:46:18.089 (Info) EventServer.StartService.ThreadStart - Starting event listener thread...
2021-03-19 10:46:18.091 (Info) EventServer.StartService.ListenerThread - Event Listener Thread Started successfully.
2021-03-19 10:46:18.097 (Info) EventServer.Listener.Start - Starting listener...
2021-03-19 10:46:18.263 (Info) EventServer.Listener - Server started on port 5151

[Log Startup at 12:36:42]
2021-03-19 12:36:42.636 (Info) EventServer.StartService - Starting ClientServices...
2021-03-19 12:36:42.709 (Info) EventService.Initialize - Event Service Initialized...
2021-03-19 12:36:42.736 (Info) EventService.Start - Event Service Thread created...
2021-03-19 12:36:42.736 (Info) EventServer.StartService - Create new event listener on server...
2021-03-19 12:36:42.866 (Info) EventServer.StartService.ThreadStart - Starting event listener thread...
2021-03-19 12:36:42.867 (Info) EventServer.StartService.ListenerThread - Event Listener Thread Started successfully.
2021-03-19 12:36:42.915 (Info) EventServer.Listener.Start - Starting listener...
2021-03-19 12:36:42.937 (Info) EventServer.Listener - Server started on port 5151
2021-03-19 13:02:29.326 (Info) EventServer.StopService - Stopping events services...
2021-03-19 13:02:29.326 (Info) EventService.Stop - Stopping service thread...
2021-03-19 13:02:29.407 (Info) EventService.Stop - Events Thread pool stopped.
2021-03-19 13:02:29.407 (Info) EventService.Stop - Stop event client connections 0 active connections.
2021-03-19 13:02:29.407 (Info) EventServer.ClientTask.Stop - Completed successfully.
2021-03-19 13:02:29.407 (Info) EventServer.StopService.Listener.Stop - Initiating listener stop....
2021-03-19 13:02:29.407 (Info) EventServer.StopService.Listener.Stop -  successfull.
2021-03-19 13:02:29.866 (Info) EventServer.ListenerThread.Join - Completed.

[Log Startup at 13:48:38]
2021-03-19 13:48:38.871 (Info) EventServer.StopService - Stopping events services...
2021-03-19 13:48:38.903 (Info) EventService.Stop - Stopping service thread...
2021-03-19 13:48:39.000 (Info) EventService.Stop - Events Thread pool stopped.
2021-03-19 13:48:39.000 (Info) EventService.Stop - Stop event client connections 0 active connections.
2021-03-19 13:48:39.000 (Info) EventServer.ClientTask.Stop - Completed successfully.
2021-03-19 13:48:39.000 (Info) EventServer.StopService.Listener.Stop - Initiating listener stop....
2021-03-19 13:48:39.000 (Info) EventServer.StopService.Listener.Stop -  successfull.
2021-03-19 13:48:39.235 (Info) EventServer.ListenerThread.Join - Completed.

[Log Startup at 14:49:58]
2021-03-19 14:49:57.859 (Info) EventServer.StartService - Starting ClientServices...
2021-03-19 14:49:58.428 (Info) EventService.Initialize - Event Service Initialized...
2021-03-19 14:49:58.429 (Info) EventService.Start - Event Service Thread created...
2021-03-19 14:49:58.429 (Info) EventServer.StartService - Create new event listener on server...
2021-03-19 14:49:58.688 (Info) EventServer.StartService.ThreadStart - Starting event listener thread...
2021-03-19 14:49:58.692 (Info) EventServer.StartService.ListenerThread - Event Listener Thread Started successfully.
2021-03-19 14:49:58.716 (Info) EventServer.Listener.Start - Starting listener...
2021-03-19 14:49:58.814 (Info) EventServer.Listener - Server started on port 5151

[Log Startup at 14:51:27]
2021-03-19 14:51:27.099 (Info) EventServer.StartService - Starting ClientServices...
2021-03-19 14:51:27.135 (Info) EventService.Initialize - Event Service Initialized...
2021-03-19 14:51:27.142 (Info) EventService.Start - Event Service Thread created...
2021-03-19 14:51:27.143 (Info) EventServer.StartService - Create new event listener on server...
2021-03-19 14:51:27.155 (Info) EventServer.StartService.ThreadStart - Starting event listener thread...
2021-03-19 14:51:27.159 (Info) EventServer.Listener.Start - Starting listener...
2021-03-19 14:51:27.163 (Info) EventServer.StartService.ListenerThread - Event Listener Thread Started successfully.
2021-03-19 14:51:27.202 (Info) EventServer.Listener - Server started on port 5151

[Log Startup at 17:24:19]
2021-03-19 17:24:19.371 (Info) EventServer.StartService - Starting ClientServices...
2021-03-19 17:24:19.467 (Info) EventService.Initialize - Event Service Initialized...
2021-03-19 17:24:19.467 (Info) EventService.Start - Event Service Thread created...
2021-03-19 17:24:19.467 (Info) EventServer.StartService - Create new event listener on server...
2021-03-19 17:24:19.664 (Info) EventServer.StartService.ThreadStart - Starting event listener thread...
2021-03-19 17:24:19.665 (Info) EventServer.StartService.ListenerThread - Event Listener Thread Started successfully.
2021-03-19 17:24:19.669 (Info) EventServer.Listener.Start - Starting listener...
2021-03-19 17:24:19.735 (Info) EventServer.Listener - Server started on port 5151
